d:\computer graphics\projects\assimp_3d\assimp_3d\debug\vc141.pdb
d:\computer graphics\projects\assimp_3d\assimp_3d\debug\vc141.idb
d:\computer graphics\projects\assimp_3d\assimp_3d\debug\glad.obj
d:\computer graphics\projects\assimp_3d\assimp_3d\debug\stb_image.obj
d:\computer graphics\projects\assimp_3d\assimp_3d\debug\real3d.obj
d:\computer graphics\projects\assimp_3d\debug\assimp_3d.exe
d:\computer graphics\projects\assimp_3d\debug\assimp_3d.ilk
d:\computer graphics\projects\assimp_3d\debug\assimp_3d.pdb
d:\computer graphics\github\computer-graphics\opengl\assimp_3d\assimp_3d\debug\glad.obj
d:\computer graphics\github\computer-graphics\opengl\assimp_3d\assimp_3d\debug\real3d.obj
d:\computer graphics\github\computer-graphics\opengl\assimp_3d\assimp_3d\debug\stb_image.obj
d:\computer graphics\github\computer-graphics\opengl\assimp_3d\assimp_3d\debug\vc141.idb
d:\computer graphics\github\computer-graphics\opengl\assimp_3d\assimp_3d\debug\vc141.pdb
d:\computer graphics\github\computer-graphics\opengl\assimp_3d\debug\assimp_3d.pdb
d:\computer graphics\github\computer-graphics\opengl\assimp_3d\debug\assimp_3d.exe
d:\computer graphics\github\computer-graphics\opengl\assimp_3d\debug\assimp_3d.ilk
d:\computer graphics\github\computer-graphics\opengl\assimp_3d\assimp_3d\debug\assimp_3d.tlog\cl.command.1.tlog
d:\computer graphics\github\computer-graphics\opengl\assimp_3d\assimp_3d\debug\assimp_3d.tlog\cl.read.1.tlog
d:\computer graphics\github\computer-graphics\opengl\assimp_3d\assimp_3d\debug\assimp_3d.tlog\cl.write.1.tlog
d:\computer graphics\github\computer-graphics\opengl\assimp_3d\assimp_3d\debug\assimp_3d.tlog\link.command.1.tlog
d:\computer graphics\github\computer-graphics\opengl\assimp_3d\assimp_3d\debug\assimp_3d.tlog\link.read.1.tlog
d:\computer graphics\github\computer-graphics\opengl\assimp_3d\assimp_3d\debug\assimp_3d.tlog\link.write.1.tlog
