d:\computer graphics\projects\shadow\shadow\debug\vc141.pdb
d:\computer graphics\projects\shadow\shadow\debug\vc141.idb
d:\computer graphics\projects\shadow\shadow\debug\stb_image.obj
d:\computer graphics\projects\shadow\shadow\debug\glad.obj
d:\computer graphics\projects\shadow\shadow\debug\shadowmap.obj
d:\computer graphics\projects\shadow\debug\shadow.exe
d:\computer graphics\projects\shadow\debug\shadow.ilk
d:\computer graphics\projects\shadow\debug\shadow.pdb
d:\computer graphics\github\computer-graphics\opengl\shadow\shadow\debug\glad.obj
d:\computer graphics\github\computer-graphics\opengl\shadow\shadow\debug\shadowmap.obj
d:\computer graphics\github\computer-graphics\opengl\shadow\shadow\debug\stb_image.obj
d:\computer graphics\github\computer-graphics\opengl\shadow\shadow\debug\vc141.idb
d:\computer graphics\github\computer-graphics\opengl\shadow\shadow\debug\vc141.pdb
d:\computer graphics\github\computer-graphics\opengl\shadow\debug\shadow.pdb
d:\computer graphics\github\computer-graphics\opengl\shadow\debug\shadow.exe
d:\computer graphics\github\computer-graphics\opengl\shadow\debug\shadow.ilk
d:\computer graphics\github\computer-graphics\opengl\shadow\shadow\debug\shadow.tlog\cl.command.1.tlog
d:\computer graphics\github\computer-graphics\opengl\shadow\shadow\debug\shadow.tlog\cl.read.1.tlog
d:\computer graphics\github\computer-graphics\opengl\shadow\shadow\debug\shadow.tlog\cl.write.1.tlog
d:\computer graphics\github\computer-graphics\opengl\shadow\shadow\debug\shadow.tlog\link.command.1.tlog
d:\computer graphics\github\computer-graphics\opengl\shadow\shadow\debug\shadow.tlog\link.read.1.tlog
d:\computer graphics\github\computer-graphics\opengl\shadow\shadow\debug\shadow.tlog\link.write.1.tlog
